<?xml version="1.0" encoding="UTF-8"?>
<!-- Generated by org.testng.reporters.JUnitReportReporter -->
<testsuite hostname="Jeswika_20929" failures="0" tests="1" name="org.QAfoxProject.ShoppingCart.ShoppingCartTest" time="2.298" errors="0" timestamp="2025-01-08T22:46:24 IST" skipped="0">
  <testcase classname="org.QAfoxProject.ShoppingCart.ShoppingCartTest" name="shoppingCart" time="2.298"/>
  <system-out/>
</testsuite> <!-- org.QAfoxProject.ShoppingCart.ShoppingCartTest -->
