<?xml version="1.0" encoding="UTF-8"?>
<!-- Generated by org.testng.reporters.JUnitReportReporter -->
<testsuite hostname="Jeswika_20929" failures="0" tests="2" name="org.QAfoxProject.RegisterAccount.RegisterAccountTest" time="1.668" errors="0" timestamp="2025-01-08T22:31:41 IST" skipped="1">
  <testcase classname="org.QAfoxProject.RegisterAccount.RegisterAccountTest" name="verifyWithInvalidInput" time="1.668"/>
  <system-out>
    <![CDATA[RegisterAccount verified with invalid input]]>
  </system-out>
  <testcase classname="org.QAfoxProject.RegisterAccount.RegisterAccountTest" name="verifyWithValidInput">
    <skipped/>
  </testcase> <!-- verifyWithValidInput -->
  <system-out/>
</testsuite> <!-- org.QAfoxProject.RegisterAccount.RegisterAccountTest -->
