<?xml version="1.0" encoding="UTF-8"?>
<!-- Generated by org.testng.reporters.JUnitReportReporter -->
<testsuite hostname="Jeswika_20929" failures="0" tests="1" name="org.QAfoxProject.Checkout.CheckoutTest" time="2.920" errors="0" timestamp="2025-01-08T22:48:31 IST" skipped="0">
  <testcase classname="org.QAfoxProject.Checkout.CheckoutTest" name="checkOut" time="2.920"/>
  <system-out/>
</testsuite> <!-- org.QAfoxProject.Checkout.CheckoutTest -->
