<?xml version="1.0" encoding="UTF-8"?>
<!-- Generated by org.testng.reporters.JUnitReportReporter -->
<testsuite hostname="Jeswika_20929" failures="0" tests="1" name="org.QAfoxProject.Desktops.Desktops_PC_Test" time="13.904" errors="0" timestamp="2025-01-09T13:48:31 IST" skipped="0">
  <testcase classname="org.QAfoxProject.Desktops.Desktops_PC_Test" name="addProduct_Desktops_Pc" time="13.904"/>
  <system-out>
    <![CDATA[mouse hover to PC desktop is successfull]]>
  </system-out>
</testsuite> <!-- org.QAfoxProject.Desktops.Desktops_PC_Test -->
