<?xml version="1.0" encoding="UTF-8"?>
<!-- Generated by org.testng.reporters.JUnitReportReporter -->
<testsuite hostname="Jeswika_20929" failures="0" tests="2" name="org.QAfoxProject.Components.Components_Scanners_Test" time="16.772" errors="0" timestamp="2025-01-10T13:06:30 IST" skipped="0">
  <testcase classname="org.QAfoxProject.Components.Components_Scanners_Test" name="scanners" time="8.493"/>
  <system-out/>
  <testcase classname="org.QAfoxProject.Components.Components_Scanners_Test" name="scanners" time="8.279"/>
  <system-out/>
</testsuite> <!-- org.QAfoxProject.Components.Components_Scanners_Test -->
