<?xml version="1.0" encoding="UTF-8"?>
<!-- Generated by org.testng.reporters.JUnitReportReporter -->
<testsuite hostname="Jeswika_20929" failures="0" tests="1" name="org.QAfoxProject.WishList.WishListTest" time="4.001" errors="0" timestamp="2025-01-09T13:15:43 IST" skipped="0">
  <testcase classname="org.QAfoxProject.WishList.WishListTest" name="wishList" time="4.001"/>
  <system-out/>
</testsuite> <!-- org.QAfoxProject.WishList.WishListTest -->
