<?xml version="1.0" encoding="UTF-8"?>
<!-- Generated by org.testng.reporters.JUnitReportReporter -->
<testsuite hostname="Jeswika_20929" failures="0" tests="1" name="dataDrivenTesting.WritedatatoPropertyFile" time="0.079" errors="0" timestamp="2025-01-05T10:18:57 IST" skipped="0">
  <testcase classname="dataDrivenTesting.WritedatatoPropertyFile" name="task" time="0.079"/>
  <system-out/>
</testsuite> <!-- dataDrivenTesting.WritedatatoPropertyFile -->
