<?xml version="1.0" encoding="UTF-8"?>
<!-- Generated by org.testng.reporters.JUnitReportReporter -->
<testsuite hostname="Jeswika_20929" failures="0" tests="3" name="learningTestNG.Test1" time="0.026" errors="0" timestamp="2024-12-07T16:22:18 IST" skipped="0">
  <testcase classname="learningTestNG.Test1" name="demoTest2" time="0.003"/>
  <system-out>
    <![CDATA[DEMO Test2 Executed !!!!!!]]>
  </system-out>
  <testcase classname="learningTestNG.Test1" name="demoTest3" time="0.003"/>
  <system-out>
    <![CDATA[DEMO Test3 Executed !!!!!!]]>
  </system-out>
  <testcase classname="learningTestNG.Test1" name="demoTest1" time="0.020"/>
  <system-out>
    <![CDATA[DEMO Test1 Executed !!!!!!]]>
  </system-out>
</testsuite> <!-- learningTestNG.Test1 -->
