<?xml version="1.0" encoding="UTF-8"?>
<!-- Generated by org.testng.reporters.JUnitReportReporter -->
<testsuite hostname="Jeswika_20929" failures="0" tests="1" name="assertion.LearningSoftAssert" time="0.024" errors="0" timestamp="2024-12-17T13:57:16 IST" skipped="0">
  <testcase classname="assertion.LearningSoftAssert" name="task" time="0.024"/>
  <system-out/>
</testsuite> <!-- assertion.LearningSoftAssert -->
