<?xml version="1.0" encoding="UTF-8"?>
<!-- Generated by org.testng.reporters.JUnitReportReporter -->
<testsuite hostname="Jeswika_20929" failures="0" tests="2" name="testngAttributes.Dependsonmethods" time="0.022" errors="0" timestamp="2024-12-16T14:13:30 IST" skipped="0">
  <testcase classname="testngAttributes.Dependsonmethods" name="m2" time="0.004"/>
  <system-out>
    <![CDATA[m2 method]]>
  </system-out>
  <testcase classname="testngAttributes.Dependsonmethods" name="m1" time="0.018"/>
  <system-out>
    <![CDATA[m1 method]]>
  </system-out>
</testsuite> <!-- testngAttributes.Dependsonmethods -->
