<?xml version="1.0" encoding="UTF-8"?>
<!-- Generated by org.testng.reporters.JUnitReportReporter -->
<testsuite hostname="Jeswika_20929" failures="0" tests="2" name="testngAttributes.EnabledAttribute" time="0.022" errors="0" timestamp="2024-12-16T14:11:15 IST" skipped="1">
  <testcase classname="testngAttributes.EnabledAttribute" name="m1" time="0.022"/>
  <system-out>
    <![CDATA[m1 method]]>
  </system-out>
  <testcase classname="testngAttributes.EnabledAttribute" name="m2">
    <skipped/>
  </testcase> <!-- m2 -->
  <system-out/>
</testsuite> <!-- testngAttributes.EnabledAttribute -->
