<?xml version="1.0" encoding="UTF-8"?>
<!-- Generated by org.testng.reporters.JUnitReportReporter -->
<testsuite hostname="Jeswika_20929" failures="0" tests="2" name="learningBatchExecution.RemoveProduct" time="15.620" errors="0" timestamp="2024-12-12T14:21:26 IST" skipped="0">
  <testcase classname="learningBatchExecution.RemoveProduct" name="removeProduct" time="10.488"/>
  <system-out>
    <![CDATA[Product removed]]>
  </system-out>
  <testcase classname="learningBatchExecution.RemoveProduct" name="addProduct" time="5.132"/>
  <system-out>
    <![CDATA[Product Added]]>
  </system-out>
</testsuite> <!-- learningBatchExecution.RemoveProduct -->
