<?xml version="1.0" encoding="UTF-8"?>
<!-- Generated by org.testng.reporters.JUnitReportReporter -->
<testsuite hostname="Jeswika_20929" failures="0" tests="6" name="testngAttributes.InvocationCount" time="0.031" errors="0" timestamp="2024-12-16T14:16:10 IST" skipped="0">
  <testcase classname="testngAttributes.InvocationCount" name="m2" time="0.002"/>
  <system-out>
    <![CDATA[m2 method]]>
  </system-out>
  <testcase classname="testngAttributes.InvocationCount" name="m2" time="0.004"/>
  <system-out>
    <![CDATA[m2 method]]>
  </system-out>
  <testcase classname="testngAttributes.InvocationCount" name="m1" time="0.017"/>
  <system-out>
    <![CDATA[m1 method]]>
  </system-out>
  <testcase classname="testngAttributes.InvocationCount" name="m2" time="0.004"/>
  <system-out>
    <![CDATA[m2 method]]>
  </system-out>
  <testcase classname="testngAttributes.InvocationCount" name="m1" time="0.002"/>
  <system-out>
    <![CDATA[m1 method]]>
  </system-out>
  <testcase classname="testngAttributes.InvocationCount" name="m2" time="0.002"/>
  <system-out>
    <![CDATA[m2 method]]>
  </system-out>
</testsuite> <!-- testngAttributes.InvocationCount -->
