<?xml version="1.0" encoding="UTF-8"?>
<!-- Generated by org.testng.reporters.JUnitReportReporter -->
<testsuite hostname="Jeswika_20929" failures="0" tests="3" name="testngAttributes.DataProvider" time="0.026" errors="0" timestamp="2024-12-16T14:06:46 IST" skipped="0">
  <testcase classname="testngAttributes.DataProvider" name="SeleniumBatchList" time="0.003"/>
  <system-out>
    <![CDATA[name is : m2
id is : 102
dept is : developer]]>
  </system-out>
  <testcase classname="testngAttributes.DataProvider" name="SeleniumBatchList" time="0.021"/>
  <system-out>
    <![CDATA[name is : m1
id is : 101
dept is : Test Engineer]]>
  </system-out>
  <testcase classname="testngAttributes.DataProvider" name="SeleniumBatchList" time="0.002"/>
  <system-out>
    <![CDATA[name is : m3
id is : 103
dept is : Devops]]>
  </system-out>
</testsuite> <!-- testngAttributes.DataProvider -->
