<?xml version="1.0" encoding="UTF-8"?>
<!-- Generated by org.testng.reporters.JUnitReportReporter -->
<testsuite hostname="Jeswika_20929" failures="0" tests="1" name="dataDrivenTesting.PropertyFile" time="0.017" errors="0" timestamp="2024-12-19T12:46:21 IST" skipped="0">
  <testcase classname="dataDrivenTesting.PropertyFile" name="task" time="0.017"/>
  <system-out/>
</testsuite> <!-- dataDrivenTesting.PropertyFile -->
