<?xml version="1.0" encoding="UTF-8"?>
<!-- Generated by org.testng.reporters.JUnitReportReporter -->
<testsuite hostname="Jeswika_20929" failures="0" tests="1" name="testngAttributes.Priority" time="0.018" errors="0" timestamp="2024-12-16T20:22:41 IST" skipped="0">
  <testcase classname="testngAttributes.Priority" name="m4" time="0.018"/>
  <system-out>
    <![CDATA[m4 method]]>
  </system-out>
</testsuite> <!-- testngAttributes.Priority -->
