<?xml version="1.0" encoding="UTF-8"?>
<!-- Generated by org.testng.reporters.JUnitReportReporter -->
<testsuite hostname="Jeswika_20929" failures="0" tests="1" name="pomPage.WebPage" time="5.938" errors="0" timestamp="2024-12-24T14:01:18 IST" skipped="0">
  <testcase classname="pomPage.WebPage" name="test" time="5.938"/>
  <system-out/>
</testsuite> <!-- pomPage.WebPage -->
