<?xml version="1.0" encoding="UTF-8"?>
<!-- Generated by org.testng.reporters.JUnitReportReporter -->
<testsuite hostname="Jeswika_20929" failures="0" tests="1" name="assertion.HardAssert" time="0.099" errors="0" timestamp="2024-12-17T21:33:12 IST" skipped="0">
  <testcase classname="assertion.HardAssert" name="task" time="0.099"/>
  <system-out/>
</testsuite> <!-- assertion.HardAssert -->
