<?xml version="1.0" encoding="UTF-8"?>
<!-- Generated by org.testng.reporters.JUnitReportReporter -->
<testsuite hostname="Jeswika_20929" failures="0" tests="2" name="dataDrivenTesting.ReadMultipleData" time="1.184" errors="0" timestamp="2024-12-21T14:01:13 IST" skipped="1">
  <testcase classname="dataDrivenTesting.ReadMultipleData" name="RowDetails" time="1.184"/>
  <system-out/>
  <testcase classname="dataDrivenTesting.ReadMultipleData" name="multipleData">
    <skipped/>
  </testcase> <!-- multipleData -->
  <system-out/>
</testsuite> <!-- dataDrivenTesting.ReadMultipleData -->
