<?xml version="1.0" encoding="UTF-8"?>
<!-- Generated by org.testng.reporters.JUnitReportReporter -->
<testsuite hostname="Jeswika_20929" failures="0" tests="2" name="learningTestNG.Test2" time="0.014" errors="0" timestamp="2024-12-10T13:11:50 IST" skipped="0">
  <testcase classname="learningTestNG.Test2" name="Test1" time="0.004"/>
  <system-out/>
  <testcase classname="learningTestNG.Test2" name="Test" time="0.010"/>
  <system-out/>
</testsuite> <!-- learningTestNG.Test2 -->
