<?xml version="1.0" encoding="UTF-8"?>
<!-- Generated by org.testng.reporters.JUnitReportReporter -->
<testsuite hostname="Jeswika_20929" failures="0" tests="1" name="dataDrivenTesting.ReadRowData" time="0.942" errors="0" timestamp="2024-12-21T14:24:32 IST" skipped="0">
  <testcase classname="dataDrivenTesting.ReadRowData" name="readRowData" time="0.942"/>
  <system-out/>
</testsuite> <!-- dataDrivenTesting.ReadRowData -->
