<?xml version="1.0" encoding="UTF-8"?>
<!-- Generated by org.testng.reporters.JUnitReportReporter -->
<testsuite hostname="Jeswika_20929" failures="0" tests="3" name="learningTestNG.DemoTest_3" time="0.008" errors="0" timestamp="2024-12-10T13:38:39 IST" skipped="0">
  <testcase classname="learningTestNG.DemoTest_3" name="dragonFruit" time="0.004"/>
  <system-out/>
  <testcase classname="learningTestNG.DemoTest_3" name="apple" time="0.002"/>
  <system-out/>
  <testcase classname="learningTestNG.DemoTest_3" name="custardApple" time="0.002"/>
  <system-out/>
</testsuite> <!-- learningTestNG.DemoTest_3 -->
